<?xml version="1.0" encoding="UTF-8"?>
<testsuite xmlns:xsi="http://www.w3.org/2001/XMLSchema-instance" xsi:noNamespaceSchemaLocation="https://maven.apache.org/surefire/maven-surefire-plugin/xsd/surefire-test-report.xsd" name="ru.netology.ConditionerTest" time="0.035" tests="6" errors="0" skipped="0" failures="4">
  <properties>
[...]
</properties>
  <testcase name="shoulddecreaseCurrentTemperature" classname="ru.netology.ConditionerTest" time="0.001"/>
  <testcase name="shoulddecreaseCurrentTemperatureOverMax" classname="ru.netology.ConditionerTest" time="0.019">
    <failure message="expected: &lt;10&gt; but was: &lt;11&gt;" type="org.opentest4j.AssertionFailedError"><![CDATA[org.opentest4j.AssertionFailedError: expected: <10> but was: <11>
	at ru.netology.ConditionerTest.shoulddecreaseCurrentTemperatureOverMax(ConditionerTest.java:65)
]]></failure>
  </testcase>
  <testcase name="shouldincreaseCurrentTemperatureUnderMin" classname="ru.netology.ConditionerTest" time="0">
    <failure message="expected: &lt;3&gt; but was: &lt;2&gt;" type="org.opentest4j.AssertionFailedError"><![CDATA[org.opentest4j.AssertionFailedError: expected: <3> but was: <2>
	at ru.netology.ConditionerTest.shouldincreaseCurrentTemperatureUnderMin(ConditionerTest.java:37)
]]></failure>
  </testcase>
  <testcase name="shouldincreaseCurrentTemperatureOverMax" classname="ru.netology.ConditionerTest" time="0.001">
    <failure message="expected: &lt;9&gt; but was: &lt;1200&gt;" type="org.opentest4j.AssertionFailedError"><![CDATA[org.opentest4j.AssertionFailedError: expected: <9> but was: <1200>
	at ru.netology.ConditionerTest.shouldincreaseCurrentTemperatureOverMax(ConditionerTest.java:27)
]]></failure>
  </testcase>
  <testcase name="shoulddecreaseCurrentTemperatureUnderMin" classname="ru.netology.ConditionerTest" time="0.001">
    <failure message="expected: &lt;0&gt; but was: &lt;-10&gt;" type="org.opentest4j.AssertionFailedError"><![CDATA[org.opentest4j.AssertionFailedError: expected: <0> but was: <-10>
	at ru.netology.ConditionerTest.shoulddecreaseCurrentTemperatureUnderMin(ConditionerTest.java:56)
]]></failure>
  </testcase>
  <testcase name="shouldincreaseCurrentTemperature" classname="ru.netology.ConditionerTest" time="0.001"/>
</testsuite>